ď»ż   Î“Ă»â–“ Next.js 15.1.0
   - Environments: .env

   Creating an optimized production build ...
 Î“ÂŁĂ´ Compiled successfully
   Linting and checking validity of types ...
   Collecting page data ...
   Generating static pages (0/26) ...
   Generating static pages (6/26) 
   Generating static pages (12/26) 
   Generating static pages (19/26) 
 Î“ÂŁĂ´ Generating static pages (26/26)
   Finalizing page optimization ...
   Collecting build traces ...

Route (app)                              Size     First Load JS
Î“Ă¶Ă® Î“ĂąĂŻ /                                    184 B           106 kB
Î“Ă¶ÂŁ Î“ĂąĂŻ /_not-found                          983 B           106 kB
Î“Ă¶ÂŁ Î“ĂąĂŻ /admin/dashboard                     6.12 kB         119 kB
Î“Ă¶ÂŁ Î“ĂąĂŻ /admin/job-details                   3.97 kB         117 kB
Î“Ă¶ÂŁ Î“ĂąĂŻ /admin/students-details              2.48 kB         108 kB
Î“Ă¶ÂŁ â•žĂ† /api/activity                        184 B           106 kB
Î“Ă¶ÂŁ â•žĂ† /api/ai/enhance                      184 B           106 kB
Î“Ă¶ÂŁ â•žĂ† /api/auth/login                      184 B           106 kB
Î“Ă¶ÂŁ â•žĂ† /api/auth/logout                     184 B           106 kB
Î“Ă¶ÂŁ â•žĂ† /api/auth/register                   184 B           106 kB
Î“Ă¶ÂŁ â•žĂ† /api/dashboard/stats                 184 B           106 kB
Î“Ă¶ÂŁ â•žĂ† /api/notifications                   184 B           106 kB
Î“Ă¶ÂŁ â•žĂ† /api/notifications/[id]/read         184 B           106 kB
Î“Ă¶ÂŁ â•žĂ† /api/notifications/read-all          184 B           106 kB
Î“Ă¶ÂŁ â•žĂ† /api/officer/students                184 B           106 kB
Î“Ă¶ÂŁ â•žĂ† /api/resume                          184 B           106 kB
Î“Ă¶ÂŁ â•žĂ† /api/resume/[resumeId]               184 B           106 kB
Î“Ă¶ÂŁ â•žĂ† /api/resume/[resumeId]/ats           184 B           106 kB
Î“Ă¶ÂŁ â•žĂ† /api/resume/[resumeId]/download      184 B           106 kB
Î“Ă¶ÂŁ â•žĂ† /api/user/me                         184 B           106 kB
Î“Ă¶ÂŁ Î“ĂąĂŻ /dashboard                           7.25 kB         159 kB
Î“Ă¶ÂŁ Î“ĂąĂŻ /downloads                           3.91 kB         109 kB
Î“Ă¶ÂŁ Î“ĂąĂŻ /login                               3.09 kB         153 kB
Î“Ă¶ÂŁ Î“ĂąĂŻ /onboarding                          3.83 kB         117 kB
Î“Ă¶ÂŁ Î“ĂąĂŻ /placement-readiness                 3.88 kB         160 kB
Î“Ă¶ÂŁ â•žĂ† /resume/[resumeId]/ats               7.33 kB         165 kB
Î“Ă¶ÂŁ â•žĂ† /resume/[resumeId]/editor            13 kB           143 kB
Î“Ă¶ÂŁ Î“ĂąĂŻ /resume/create                       5.63 kB         118 kB
Î“Ă¶ÂŁ Î“ĂąĂŻ /resume/upload                       2.88 kB         116 kB
Î“Ă¶Ă¶ Î“ĂąĂŻ /settings                            3.73 kB         119 kB
+ First Load JS shared by all            105 kB
  Î“Ă¶ÂŁ chunks/1517-c8508629ea9faa60.js      50.5 kB
  Î“Ă¶ÂŁ chunks/4bd1b696-6360e0b085418602.js  52.9 kB
  Î“Ă¶Ă¶ other shared chunks (total)          2.05 kB


â•žĂ† Middleware                             32.5 kB

Î“ĂąĂŻ  (Static)   prerendered as static content
â•žĂ†  (Dynamic)  server-rendered on demand

